Arguments: 
  C:\Program Files\nodejs\node.exe C:\Program Files (x86)\Yarn\bin\yarn.js add jquery

PATH: 
  C:\Program Files\Common Files\Oracle\Java\javapath;C:\Program Files (x86)\Common Files\Oracle\Java\java8path;C:\Program Files (x86)\Common Files\Oracle\Java\javapath;C:\WINDOWS\system32;C:\WINDOWS;C:\WINDOWS\System32\Wbem;C:\WINDOWS\System32\WindowsPowerShell\v1.0\;C:\WINDOWS\System32\OpenSSH\;C:\Users\tanashah\AppData\Local\Microsoft\WindowsApps;C:\Program Files (x86)\Yarn\bin\;C:\Program Files\Java\jdk-18.0.1.1\bin\server;C:\Users\tanashah\Desktop\Deloitte Docs\Project_Docs\Patients Insights\snowflake-jdbc-3.9.2.jar;C:\Program Files\Java\jdk-18.0.1.1\bin;C:\Users\tanashah\Desktop\My docs\Project Files\apache-maven-3.8.1-bin\apache-maven-3.8.1-bin\apache-maven-3.8.1\bin;C:\Users\tanashah\Desktop\My docs\Project Files\apache-tomcat-8.5.73\apache-tomcat-8.5.73\bin;C:\Program Files\Microsoft SQL Server\150\Tools\Binn\;C:\Program Files\Microsoft SQL Server\Client SDK\ODBC\170\Tools\Binn\;C:\Program Files\dotnet\;C:\WINDOWS\system32;C:\WINDOWS;C:\WINDOWS\System32\Wbem;C:\WINDOWS\System32\WindowsPowerShell\v1.0\;C:\WINDOWS\System32\OpenSSH\;C:\Program Files\nodejs\;C:\Users\tanashah\Anaconda3;C:\Users\tanashah\Anaconda3\Library\mingw-w64\bin;C:\Users\tanashah\Anaconda3\Library\usr\bin;C:\Users\tanashah\Anaconda3\Library\bin;C:\Users\tanashah\Anaconda3\Scripts;C:\Users\tanashah\AppData\Local\Microsoft\WindowsApps;C:\Users\tanashah\AppData\Local\Programs\Microsoft VS Code\bin;C:\Users\tanashah\AppData\Local\Yarn\bin;C:\Program Files\Java\jdk-18.0.1.1\bin\server;C:\Users\tanashah\Desktop\Deloitte Docs\Project_Docs\Patients Insights\snowflake-jdbc-3.9.2.jar;C:\Users\tanashah\.dotnet\tools;C:\Users\tanashah\AppData\Local\Programs\Git\cmd;C:\Users\tanashah\AppData\Roaming\npm

Yarn version: 
  1.22.19

Node version: 
  22.13.0

Platform: 
  win32 x64

Trace: 
  SyntaxError: C:\Users\tanashah\Desktop\Project_Docs\Patients Insights\Tableau Extension POC\package.json: Bad control character in string literal in JSON at position 348 (line 9 column 17)
      at JSON.parse (<anonymous>)
      at C:\Program Files (x86)\Yarn\lib\cli.js:1629:59
      at Generator.next (<anonymous>)
      at step (C:\Program Files (x86)\Yarn\lib\cli.js:310:30)
      at C:\Program Files (x86)\Yarn\lib\cli.js:321:13

npm manifest: 
  {
    "name": "Tableau_First_Extension",
    "version": "I don't know",
    "description": "\"Running this command as per the tutorial blog and this is my first tableau extension project\"",
    "main": "\"Will update it later\"",
    "repository": "\"I will update this later as well\"",
    "author": "\"Tanay Shah\"",
    "license": "\"  \"",
    "private": "\"
  }

yarn manifest: 
  No manifest

Lockfile: 
  No lockfile
